<?xml version="1.0" encoding="UTF-8"?>
<!-- Generated by org.testng.reporters.JUnitReportReporter -->
<testsuite hostname="Rubel" name="DemoTestNG" tests="1" failures="0" timestamp="2 Nov 2013 21:16:15 GMT" time="0.928" errors="0">
  <testcase name="login" time="0.928" classname="DemoTestNG"/>
</testsuite> <!-- DemoTestNG -->
